05-12-2016 @ 18:24:57 - Calling purge from added_post_meta on object 8233 and meta value 8229 due to _subscription_renewal meta.
05-12-2016 @ 18:24:57 - ID is subscription, calling wcs_clear_related_order_cache for 8229
05-12-2016 @ 18:24:57 - In the clearing, key being purged is this: 

6abef76213949820b4fb305ab837feff


05-12-2016 @ 18:24:57 - ID is order, getting subscription.
05-12-2016 @ 18:24:57 - No sub for this ID: 8233
05-12-2016 @ 19:32:53 - Calling purge from added_post_meta on object 8238 and meta value 8229 due to _subscription_renewal meta.
05-12-2016 @ 19:32:53 - ID is subscription, calling wcs_clear_related_order_cache for 8229
05-12-2016 @ 19:32:53 - In the clearing, key being purged is this: 

6abef76213949820b4fb305ab837feff


05-12-2016 @ 19:32:53 - ID is order, getting subscription.
05-12-2016 @ 19:32:53 - No sub for this ID: 8238
05-16-2016 @ 20:34:12 - Calling purge from added_post_meta on object 8242 and meta value 8163 due to _subscription_renewal meta.
05-16-2016 @ 20:34:12 - ID is subscription, calling wcs_clear_related_order_cache for 8163
05-16-2016 @ 20:34:12 - In the clearing, key being purged is this: 

c5e397777ac7a1115c19308bc074058a


05-16-2016 @ 20:34:12 - ID is order, getting subscription.
05-16-2016 @ 20:34:12 - No sub for this ID: 8242
05-17-2016 @ 16:41:08 - Calling purge from trashed_post on 8163
05-17-2016 @ 16:41:08 - ID is subscription, calling wcs_clear_related_order_cache for 8163
05-17-2016 @ 16:41:08 - In the clearing, key being purged is this: 

c5e397777ac7a1115c19308bc074058a


05-17-2016 @ 16:41:08 - Calling purge from trashed_post on 8229
05-17-2016 @ 16:41:08 - ID is subscription, calling wcs_clear_related_order_cache for 8229
05-17-2016 @ 16:41:08 - In the clearing, key being purged is this: 

6abef76213949820b4fb305ab837feff


05-17-2016 @ 16:41:08 - Calling purge from trashed_post on 8229
05-17-2016 @ 16:41:08 - ID is subscription, calling wcs_clear_related_order_cache for 8229
05-17-2016 @ 16:41:08 - In the clearing, key being purged is this: 

6abef76213949820b4fb305ab837feff


05-17-2016 @ 16:41:08 - Calling purge from trashed_post on 8155
05-17-2016 @ 16:41:08 - ID is subscription, calling wcs_clear_related_order_cache for 8155
05-17-2016 @ 16:41:08 - In the clearing, key being purged is this: 

51373c54c3546697a5591e94db60a104


05-17-2016 @ 16:41:09 - Calling purge from trashed_post on 8155
05-17-2016 @ 16:41:09 - ID is subscription, calling wcs_clear_related_order_cache for 8155
05-17-2016 @ 16:41:09 - In the clearing, key being purged is this: 

51373c54c3546697a5591e94db60a104


05-18-2016 @ 18:28:21 - Calling purge from added_post_meta on object 8316 and meta value 8312 due to _subscription_renewal meta.
05-18-2016 @ 18:28:21 - ID is subscription, calling wcs_clear_related_order_cache for 8312
05-18-2016 @ 18:28:21 - In the clearing, key being purged is this: 

23ac40f0c52fca67731d074d2d94208c


05-18-2016 @ 18:28:21 - ID is order, getting subscription.
05-18-2016 @ 18:28:21 - No sub for this ID: 8316
05-18-2016 @ 18:30:11 - Calling purge from added_post_meta on object 8319 and meta value 8312 due to _subscription_renewal meta.
05-18-2016 @ 18:30:11 - ID is subscription, calling wcs_clear_related_order_cache for 8312
05-18-2016 @ 18:30:11 - In the clearing, key being purged is this: 

23ac40f0c52fca67731d074d2d94208c


05-18-2016 @ 18:30:11 - ID is order, getting subscription.
05-18-2016 @ 18:30:11 - No sub for this ID: 8319
05-18-2016 @ 18:41:40 - Calling purge from added_post_meta on object 8326 and meta value 8324 due to _subscription_renewal meta.
05-18-2016 @ 18:41:40 - ID is subscription, calling wcs_clear_related_order_cache for 8324
05-18-2016 @ 18:41:40 - In the clearing, key being purged is this: 

fc737f04e3ec7df27fbd8d13f811dae5


05-18-2016 @ 18:41:40 - ID is order, getting subscription.
05-18-2016 @ 18:41:40 - No sub for this ID: 8326
05-18-2016 @ 18:42:26 - Calling purge from added_post_meta on object 8329 and meta value 8324 due to _subscription_renewal meta.
05-18-2016 @ 18:42:26 - ID is subscription, calling wcs_clear_related_order_cache for 8324
05-18-2016 @ 18:42:26 - In the clearing, key being purged is this: 

fc737f04e3ec7df27fbd8d13f811dae5


05-18-2016 @ 18:42:26 - ID is order, getting subscription.
05-18-2016 @ 18:42:26 - No sub for this ID: 8329
05-18-2016 @ 18:43:14 - Calling purge from added_post_meta on object 8332 and meta value 8324 due to _subscription_renewal meta.
05-18-2016 @ 18:43:14 - ID is subscription, calling wcs_clear_related_order_cache for 8324
05-18-2016 @ 18:43:14 - In the clearing, key being purged is this: 

fc737f04e3ec7df27fbd8d13f811dae5


05-18-2016 @ 18:43:14 - ID is order, getting subscription.
05-18-2016 @ 18:43:14 - No sub for this ID: 8332
05-18-2016 @ 18:44:40 - Calling purge from added_post_meta on object 8335 and meta value 8324 due to _subscription_renewal meta.
05-18-2016 @ 18:44:40 - ID is subscription, calling wcs_clear_related_order_cache for 8324
05-18-2016 @ 18:44:40 - In the clearing, key being purged is this: 

fc737f04e3ec7df27fbd8d13f811dae5


05-18-2016 @ 18:44:40 - ID is order, getting subscription.
05-18-2016 @ 18:44:40 - No sub for this ID: 8335
05-18-2016 @ 18:48:19 - Calling purge from added_post_meta on object 8341 and meta value 8339 due to _subscription_renewal meta.
05-18-2016 @ 18:48:19 - ID is subscription, calling wcs_clear_related_order_cache for 8339
05-18-2016 @ 18:48:19 - In the clearing, key being purged is this: 

e356787a293498a3c477d187e89dd3fd


05-18-2016 @ 18:48:19 - ID is order, getting subscription.
05-18-2016 @ 18:48:19 - No sub for this ID: 8341
05-19-2016 @ 13:20:26 - Calling purge from added_post_meta on object 8347 and meta value 8345 due to _subscription_renewal meta.
05-19-2016 @ 13:20:26 - ID is subscription, calling wcs_clear_related_order_cache for 8345
05-19-2016 @ 13:20:26 - In the clearing, key being purged is this: 

58e3f848a9ccc8ac49003632f6c367d0


05-19-2016 @ 13:20:26 - ID is order, getting subscription.
05-19-2016 @ 13:20:26 - No sub for this ID: 8347
05-19-2016 @ 13:22:50 - Calling purge from added_post_meta on object 8350 and meta value 8339 due to _subscription_renewal meta.
05-19-2016 @ 13:22:50 - ID is subscription, calling wcs_clear_related_order_cache for 8339
05-19-2016 @ 13:22:50 - In the clearing, key being purged is this: 

e356787a293498a3c477d187e89dd3fd


05-19-2016 @ 13:22:50 - ID is order, getting subscription.
05-19-2016 @ 13:22:50 - No sub for this ID: 8350
05-19-2016 @ 13:25:25 - Calling purge from added_post_meta on object 8353 and meta value 8339 due to _subscription_renewal meta.
05-19-2016 @ 13:25:25 - ID is subscription, calling wcs_clear_related_order_cache for 8339
05-19-2016 @ 13:25:25 - In the clearing, key being purged is this: 

e356787a293498a3c477d187e89dd3fd


05-19-2016 @ 13:25:25 - ID is order, getting subscription.
05-19-2016 @ 13:25:25 - No sub for this ID: 8353
05-19-2016 @ 13:28:47 - Calling purge from added_post_meta on object 8356 and meta value 8339 due to _subscription_renewal meta.
05-19-2016 @ 13:28:47 - ID is subscription, calling wcs_clear_related_order_cache for 8339
05-19-2016 @ 13:28:47 - In the clearing, key being purged is this: 

e356787a293498a3c477d187e89dd3fd


05-19-2016 @ 13:28:47 - ID is order, getting subscription.
05-19-2016 @ 13:28:47 - No sub for this ID: 8356
05-19-2016 @ 13:37:31 - Calling purge from added_post_meta on object 8359 and meta value 8339 due to _subscription_renewal meta.
05-19-2016 @ 13:37:31 - ID is subscription, calling wcs_clear_related_order_cache for 8339
05-19-2016 @ 13:37:31 - In the clearing, key being purged is this: 

e356787a293498a3c477d187e89dd3fd


05-19-2016 @ 13:37:31 - ID is order, getting subscription.
05-19-2016 @ 13:37:31 - No sub for this ID: 8359
05-19-2016 @ 15:46:18 - Calling purge from added_post_meta on object 8365 and meta value 8345 due to _subscription_renewal meta.
05-19-2016 @ 15:46:18 - ID is subscription, calling wcs_clear_related_order_cache for 8345
05-19-2016 @ 15:46:18 - In the clearing, key being purged is this: 

58e3f848a9ccc8ac49003632f6c367d0


05-19-2016 @ 15:46:18 - ID is order, getting subscription.
05-19-2016 @ 15:46:18 - No sub for this ID: 8365
05-19-2016 @ 16:28:20 - Calling purge from added_post_meta on object 8378 and meta value 8345 due to _subscription_renewal meta.
05-19-2016 @ 16:28:20 - ID is subscription, calling wcs_clear_related_order_cache for 8345
05-19-2016 @ 16:28:20 - In the clearing, key being purged is this: 

58e3f848a9ccc8ac49003632f6c367d0


05-19-2016 @ 16:28:20 - ID is order, getting subscription.
05-19-2016 @ 16:28:20 - No sub for this ID: 8378
05-19-2016 @ 16:29:06 - Calling purge from added_post_meta on object 8381 and meta value 8345 due to _subscription_renewal meta.
05-19-2016 @ 16:29:06 - ID is subscription, calling wcs_clear_related_order_cache for 8345
05-19-2016 @ 16:29:06 - In the clearing, key being purged is this: 

58e3f848a9ccc8ac49003632f6c367d0


05-19-2016 @ 16:29:06 - ID is order, getting subscription.
05-19-2016 @ 16:29:06 - No sub for this ID: 8381
05-19-2016 @ 23:30:16 - Calling purge from trashed_post on 8312
05-19-2016 @ 23:30:16 - ID is subscription, calling wcs_clear_related_order_cache for 8312
05-19-2016 @ 23:30:16 - In the clearing, key being purged is this: 

23ac40f0c52fca67731d074d2d94208c


05-19-2016 @ 23:30:16 - Calling purge from trashed_post on 8312
05-19-2016 @ 23:30:16 - ID is subscription, calling wcs_clear_related_order_cache for 8312
05-19-2016 @ 23:30:16 - In the clearing, key being purged is this: 

23ac40f0c52fca67731d074d2d94208c


05-20-2016 @ 12:22:10 - Calling purge from added_post_meta on object 8421 and meta value 8345 due to _subscription_renewal meta.
05-20-2016 @ 12:22:10 - ID is subscription, calling wcs_clear_related_order_cache for 8345
05-20-2016 @ 12:22:10 - In the clearing, key being purged is this: 

58e3f848a9ccc8ac49003632f6c367d0


05-20-2016 @ 12:22:10 - ID is order, getting subscription.
05-20-2016 @ 12:22:10 - No sub for this ID: 8421
05-20-2016 @ 12:23:16 - Calling purge from added_post_meta on object 8424 and meta value 8363 due to _subscription_renewal meta.
05-20-2016 @ 12:23:16 - ID is subscription, calling wcs_clear_related_order_cache for 8363
05-20-2016 @ 12:23:16 - In the clearing, key being purged is this: 

dfb684a04232ce3e4f871fda17b1a3e7


05-20-2016 @ 12:23:16 - ID is order, getting subscription.
05-20-2016 @ 12:23:16 - No sub for this ID: 8424
05-22-2016 @ 19:11:57 - Calling purge from deleted_post_meta on object 8088 and meta value 8084 due to _subscription_renewal meta.
05-22-2016 @ 19:11:57 - ID is subscription, calling wcs_clear_related_order_cache for 8084
05-22-2016 @ 19:11:57 - In the clearing, key being purged is this: 

d5ae5bc42c1a525e2fb1cf2eb4cecd06


05-22-2016 @ 19:11:57 - ID is order, getting subscription.
05-22-2016 @ 19:11:57 - No sub for this ID: 8088
05-23-2016 @ 15:49:16 - Calling purge from added_post_meta on object 8479 and meta value 8428 due to _subscription_renewal meta.
05-23-2016 @ 15:49:16 - ID is subscription, calling wcs_clear_related_order_cache for 8428
05-23-2016 @ 15:49:16 - In the clearing, key being purged is this: 

178afaa6b44a497945b5ab2cd8244611


05-23-2016 @ 15:49:16 - ID is order, getting subscription.
05-23-2016 @ 15:49:16 - No sub for this ID: 8479
05-23-2016 @ 16:42:24 - Calling purge from added_post_meta on object 8484 and meta value 8428 due to _subscription_renewal meta.
05-23-2016 @ 16:42:24 - ID is subscription, calling wcs_clear_related_order_cache for 8428
05-23-2016 @ 16:42:24 - In the clearing, key being purged is this: 

178afaa6b44a497945b5ab2cd8244611


05-23-2016 @ 16:42:24 - ID is order, getting subscription.
05-23-2016 @ 16:42:24 - No sub for this ID: 8484
05-23-2016 @ 16:59:19 - Calling purge from added_post_meta on object 8487 and meta value 8428 due to _subscription_renewal meta.
05-23-2016 @ 16:59:19 - ID is subscription, calling wcs_clear_related_order_cache for 8428
05-23-2016 @ 16:59:19 - In the clearing, key being purged is this: 

178afaa6b44a497945b5ab2cd8244611


05-23-2016 @ 16:59:19 - ID is order, getting subscription.
05-23-2016 @ 16:59:19 - No sub for this ID: 8487
05-24-2016 @ 18:08:04 - Calling purge from added_post_meta on object 8601 and meta value 8345 due to _subscription_renewal meta.
05-24-2016 @ 18:08:04 - ID is subscription, calling wcs_clear_related_order_cache for 8345
05-24-2016 @ 18:08:04 - In the clearing, key being purged is this: 

58e3f848a9ccc8ac49003632f6c367d0


05-24-2016 @ 18:08:04 - ID is order, getting subscription.
05-24-2016 @ 18:08:04 - No sub for this ID: 8601
05-24-2016 @ 18:11:37 - Calling purge from added_post_meta on object 8604 and meta value 8345 due to _subscription_renewal meta.
05-24-2016 @ 18:11:37 - ID is subscription, calling wcs_clear_related_order_cache for 8345
05-24-2016 @ 18:11:37 - In the clearing, key being purged is this: 

58e3f848a9ccc8ac49003632f6c367d0


05-24-2016 @ 18:11:37 - ID is order, getting subscription.
05-24-2016 @ 18:11:37 - No sub for this ID: 8604
05-24-2016 @ 19:53:55 - Calling purge from added_post_meta on object 8613 and meta value 8345 due to _subscription_renewal meta.
05-24-2016 @ 19:53:55 - ID is subscription, calling wcs_clear_related_order_cache for 8345
05-24-2016 @ 19:53:55 - In the clearing, key being purged is this: 

58e3f848a9ccc8ac49003632f6c367d0


05-24-2016 @ 19:53:55 - ID is order, getting subscription.
05-24-2016 @ 19:53:55 - No sub for this ID: 8613
05-25-2016 @ 10:14:19 - Calling purge from added_post_meta on object 8635 and meta value 8363 due to _subscription_renewal meta.
05-25-2016 @ 10:14:19 - ID is subscription, calling wcs_clear_related_order_cache for 8363
05-25-2016 @ 10:14:19 - In the clearing, key being purged is this: 

dfb684a04232ce3e4f871fda17b1a3e7


05-25-2016 @ 10:14:19 - ID is order, getting subscription.
05-25-2016 @ 10:14:19 - No sub for this ID: 8635
05-25-2016 @ 10:14:22 - Calling purge from added_post_meta on object 8637 and meta value 8466 due to _subscription_renewal meta.
05-25-2016 @ 10:14:22 - ID is subscription, calling wcs_clear_related_order_cache for 8466
05-25-2016 @ 10:14:22 - In the clearing, key being purged is this: 

5259fa41cab1f0fd67907ccda5434abd


05-25-2016 @ 10:14:22 - ID is order, getting subscription.
05-25-2016 @ 10:14:22 - No sub for this ID: 8637
05-25-2016 @ 10:14:24 - Calling purge from added_post_meta on object 8639 and meta value 8473 due to _subscription_renewal meta.
05-25-2016 @ 10:14:24 - ID is subscription, calling wcs_clear_related_order_cache for 8473
05-25-2016 @ 10:14:24 - In the clearing, key being purged is this: 

f756a48ea39a6eea6fbd2b1337c301a3


05-25-2016 @ 10:14:24 - ID is order, getting subscription.
05-25-2016 @ 10:14:24 - No sub for this ID: 8639
05-25-2016 @ 10:14:27 - Calling purge from added_post_meta on object 8641 and meta value 8428 due to _subscription_renewal meta.
05-25-2016 @ 10:14:27 - ID is subscription, calling wcs_clear_related_order_cache for 8428
05-25-2016 @ 10:14:27 - In the clearing, key being purged is this: 

178afaa6b44a497945b5ab2cd8244611


05-25-2016 @ 10:14:27 - ID is order, getting subscription.
05-25-2016 @ 10:14:27 - No sub for this ID: 8641
05-25-2016 @ 10:14:29 - Calling purge from added_post_meta on object 8643 and meta value 8494 due to _subscription_renewal meta.
05-25-2016 @ 10:14:29 - ID is subscription, calling wcs_clear_related_order_cache for 8494
05-25-2016 @ 10:14:29 - In the clearing, key being purged is this: 

f8f143d3cd3e65f8bc2fe4b4d1199484


05-25-2016 @ 10:14:29 - ID is order, getting subscription.
05-25-2016 @ 10:14:29 - No sub for this ID: 8643
05-25-2016 @ 10:14:32 - Calling purge from added_post_meta on object 8645 and meta value 8515 due to _subscription_renewal meta.
05-25-2016 @ 10:14:32 - ID is subscription, calling wcs_clear_related_order_cache for 8515
05-25-2016 @ 10:14:32 - In the clearing, key being purged is this: 

47340e1fa1eaa8eacacccf332be232d2


05-25-2016 @ 10:14:32 - ID is order, getting subscription.
05-25-2016 @ 10:14:32 - No sub for this ID: 8645
05-25-2016 @ 14:07:35 - Calling purge from added_post_meta on object 8650 and meta value 8428 due to _subscription_renewal meta.
05-25-2016 @ 14:07:35 - ID is subscription, calling wcs_clear_related_order_cache for 8428
05-25-2016 @ 14:07:35 - In the clearing, key being purged is this: 

178afaa6b44a497945b5ab2cd8244611


05-25-2016 @ 14:07:35 - ID is order, getting subscription.
05-25-2016 @ 14:07:35 - No sub for this ID: 8650
